In file included from ../ext/bson.cc:36:
In file included from ../ext/bson.h:17:
In file included from ../../nan/nan.h:82:
../../nan/nan_new.h:29:56: warning: 'ToInteger' is deprecated: Use maybe version [-Wdeprecated-declarations]
To<v8::Integer>(v8::Handle<v8::Integer> i) { return i->ToInteger(); }
                                                       ^
/Users/junzhejiang/.node-gyp/11.12.0/include/node/v8.h:2550:10: note: 'ToInteger' has been explicitly marked deprecated here
  inline V8_DEPRECATED("Use maybe version",
         ^
/Users/junzhejiang/.node-gyp/11.12.0/include/node/v8config.h:326:29: note: expanded from macro 'V8_DEPRECATED'
  declarator __attribute__((deprecated(message)))
                            ^
In file included from ../ext/bson.cc:36:
In file included from ../ext/bson.h:17:
In file included from ../../nan/nan.h:82:
../../nan/nan_new.h:34:56: error: no matching member function for call to 'ToInt32'
To<v8::Int32>(v8::Handle<v8::Integer> i)   { return i->ToInt32(); }
                                                    ~~~^~~~~~~
/Users/junzhejiang/.node-gyp/11.12.0/include/node/v8.h:2531:43: note: candidate function not viable: requires single argument 'context', but no arguments were provided
  V8_WARN_UNUSED_RESULT MaybeLocal<Int32> ToInt32(Local<Context> context) const;
                                          ^
/Users/junzhejiang/.node-gyp/11.12.0/include/node/v8.h:2544:30: note: candidate function not viable: requires single argument 'isolate', but no arguments were provided
                Local<Int32> ToInt32(Isolate* isolate) const);
                             ^
In file included from ../ext/bson.cc:36:
In file included from ../ext/bson.h:17:
In file included from ../../nan/nan.h:82:
../../nan/nan_new.h:39:65: error: too few arguments to function call, single argument 'context' was not specified
To<v8::Uint32>(v8::Handle<v8::Integer> i)  { return i->ToUint32(); }
                                                    ~~~~~~~~~~~ ^
/Users/junzhejiang/.node-gyp/11.12.0/include/node/v8.h:2529:3: note: 'ToUint32' declared here
  V8_WARN_UNUSED_RESULT MaybeLocal<Uint32> ToUint32(
  ^
/Users/junzhejiang/.node-gyp/11.12.0/include/node/v8config.h:418:31: note: expanded from macro 'V8_WARN_UNUSED_RESULT'
#define V8_WARN_UNUSED_RESULT __attribute__((warn_unused_result))
                              ^
In file included from ../ext/bson.cc:36:
In file included from ../ext/bson.h:17:
In file included from ../../nan/nan.h:82:
In file included from ../../nan/nan_new.h:189:
../../nan/nan_implementation_12_inl.h:49:38: error: too few arguments to function call, expected 2, have 1
  return v8::BooleanObject::New(value).As<v8::BooleanObject>();
         ~~~~~~~~~~~~~~~~~~~~~~      ^
/Users/junzhejiang/.node-gyp/11.12.0/include/node/v8.h:5224:3: note: 'New' declared here
  static Local<Value> New(Isolate* isolate, bool value);
  ^
In file included from ../ext/bson.cc:36:
In file included from ../ext/bson.h:17:
In file included from ../../nan/nan.h:82:
In file included from ../../nan/nan_new.h:189:
../../nan/nan_implementation_12_inl.h:49:60: error: expected '(' for function-style cast or type construction
  return v8::BooleanObject::New(value).As<v8::BooleanObject>();
                                          ~~~~~~~~~~~~~~~~~^
../../nan/nan_implementation_12_inl.h:49:62: error: expected expression
  return v8::BooleanObject::New(value).As<v8::BooleanObject>();
                                                             ^
../../nan/nan_implementation_12_inl.h:65:20: warning: 'New' is deprecated: Use maybe version. [-Wdeprecated-declarations]
  return v8::Date::New(v8::Isolate::GetCurrent(), value).As<v8::Date>();
                   ^
/Users/junzhejiang/.node-gyp/11.12.0/include/node/v8.h:5157:10: note: 'New' has been explicitly marked deprecated here
  static V8_DEPRECATED("Use maybe version.",
         ^
/Users/junzhejiang/.node-gyp/11.12.0/include/node/v8config.h:326:29: note: expanded from macro 'V8_DEPRECATED'
  declarator __attribute__((deprecated(message)))
                            ^
In file included from ../ext/bson.cc:36:
In file included from ../ext/bson.h:17:
In file included from ../../nan/nan.h:82:
In file included from ../../nan/nan_new.h:189:
../../nan/nan_implementation_12_inl.h:158:40: error: too few arguments to function call, expected 3, have 2
  return v8::RegExp::New(pattern, flags);
         ~~~~~~~~~~~~~~~               ^
/Users/junzhejiang/.node-gyp/11.12.0/include/node/v8.h:5298:3: note: 'New' declared here
  static V8_WARN_UNUSED_RESULT MaybeLocal<RegExp> New(Local<Context> context,
  ^
In file included from ../ext/bson.cc:36:
In file included from ../ext/bson.h:17:
In file included from ../../nan/nan.h:82:
In file included from ../../nan/nan_new.h:189:
../../nan/nan_implementation_12_inl.h:166:10: error: no matching function for call to 'Compile'
  return v8::ScriptCompiler::Compile(v8::Isolate::GetCurrent(), &src);
         ^~~~~~~~~~~~~~~~~~~~~~~~~~~
/Users/junzhejiang/.node-gyp/11.12.0/include/node/v8.h:1610:51: note: candidate function not viable: no known conversion from 'v8::Isolate *' to 'Local<v8::Context>' for 1st argument
  static V8_WARN_UNUSED_RESULT MaybeLocal<Script> Compile(
                                                  ^
/Users/junzhejiang/.node-gyp/11.12.0/include/node/v8.h:1637:51: note: candidate function not viable: requires 4 arguments, but 2 were provided
  static V8_WARN_UNUSED_RESULT MaybeLocal<Script> Compile(
                                                  ^
In file included from ../ext/bson.cc:36:
In file included from ../ext/bson.h:17:
In file included from ../../nan/nan.h:82:
In file included from ../../nan/nan_new.h:189:
../../nan/nan_implementation_12_inl.h:173:10: error: no matching function for call to 'Compile'
  return v8::ScriptCompiler::Compile(v8::Isolate::GetCurrent(), &src);
         ^~~~~~~~~~~~~~~~~~~~~~~~~~~
/Users/junzhejiang/.node-gyp/11.12.0/include/node/v8.h:1610:51: note: candidate function not viable: no known conversion from 'v8::Isolate *' to 'Local<v8::Context>' for 1st argument
  static V8_WARN_UNUSED_RESULT MaybeLocal<Script> Compile(
                                                  ^
/Users/junzhejiang/.node-gyp/11.12.0/include/node/v8.h:1637:51: note: candidate function not viable: requires 4 arguments, but 2 were provided
  static V8_WARN_UNUSED_RESULT MaybeLocal<Script> Compile(
                                                  ^
In file included from ../ext/bson.cc:36:
In file included from ../ext/bson.h:17:
In file included from ../../nan/nan.h:82:
In file included from ../../nan/nan_new.h:189:
../../nan/nan_implementation_12_inl.h:206:9: error: cannot initialize a parameter of type 'v8::NewStringType' with an rvalue of type 'v8::String::NewStringType'
        v8::String::kNormalString, length);
        ^~~~~~~~~~~~~~~~~~~~~~~~~
/Users/junzhejiang/.node-gyp/11.12.0/include/node/v8.h:2898:64: note: passing argument to parameter 'type' here
      Isolate* isolate, const uint8_t* data, v8::NewStringType type,
                                                               ^
In file included from ../ext/bson.cc:36:
In file included from ../ext/bson.h:17:
In file included from ../../nan/nan.h:82:
In file included from ../../nan/nan_new.h:189:
../../nan/nan_implementation_12_inl.h:217:61: error: cannot initialize a parameter of type 'v8::String::ExternalOneByteStringResource *' with an lvalue of type 'v8::String::ExternalStringResource *'
  return v8::String::NewExternal(v8::Isolate::GetCurrent(), value);
                                                            ^~~~~
/Users/junzhejiang/.node-gyp/11.12.0/include/node/v8.h:2957:64: note: passing argument to parameter 'resource' here
                                ExternalOneByteStringResource* resource));
                                                               ^
In file included from ../ext/bson.cc:36:
In file included from ../ext/bson.h:17:
In file included from ../../nan/nan.h:82:
In file included from ../../nan/nan_new.h:189:
../../nan/nan_implementation_12_inl.h:229:28: warning: 'New' is deprecated: Use Isolate* version [-Wdeprecated-declarations]
  return v8::StringObject::New(value).As<v8::StringObject>();
                           ^
/Users/junzhejiang/.node-gyp/11.12.0/include/node/v8.h:5241:3: note: 'New' has been explicitly marked deprecated here
  V8_DEPRECATED("Use Isolate* version",
  ^
/Users/junzhejiang/.node-gyp/11.12.0/include/node/v8config.h:326:29: note: expanded from macro 'V8_DEPRECATED'
  declarator __attribute__((deprecated(message)))
                            ^
In file included from ../ext/bson.cc:36:
In file included from ../ext/bson.h:17:
In file included from ../../nan/nan.h:82:
In file included from ../../nan/nan_new.h:189:
../../nan/nan_implementation_12_inl.h:237:30: error: no member named 'CompileUnbound' in 'v8::ScriptCompiler'
  return v8::ScriptCompiler::CompileUnbound(v8::Isolate::GetCurrent(), &src);
         ~~~~~~~~~~~~~~~~~~~~^
../../nan/nan_implementation_12_inl.h:244:30: error: no member named 'CompileUnbound' in 'v8::ScriptCompiler'
  return v8::ScriptCompiler::CompileUnbound(v8::Isolate::GetCurrent(), &src);
         ~~~~~~~~~~~~~~~~~~~~^
In file included from ../ext/bson.cc:36:
In file included from ../ext/bson.h:17:
../../nan/nan.h:225:32: warning: 'BooleanValue' is deprecated: Use maybe version [-Wdeprecated-declarations]
      || optionsObj->Get(opt)->BooleanValue();
                               ^
/Users/junzhejiang/.node-gyp/11.12.0/include/node/v8.h:2568:3: note: 'BooleanValue' has been explicitly marked deprecated here
  V8_DEPRECATED("Use maybe version", bool BooleanValue() const);
  ^
/Users/junzhejiang/.node-gyp/11.12.0/include/node/v8config.h:326:29: note: expanded from macro 'V8_DEPRECATED'
  declarator __attribute__((deprecated(message)))
                            ^
In file included from ../ext/bson.cc:36:
In file included from ../ext/bson.h:17:
../../nan/nan.h:229:32: warning: 'BooleanValue' is deprecated: Use maybe version [-Wdeprecated-declarations]
      && optionsObj->Get(opt)->BooleanValue();
                               ^
/Users/junzhejiang/.node-gyp/11.12.0/include/node/v8.h:2568:3: note: 'BooleanValue' has been explicitly marked deprecated here
  V8_DEPRECATED("Use maybe version", bool BooleanValue() const);
  ^
/Users/junzhejiang/.node-gyp/11.12.0/include/node/v8config.h:326:29: note: expanded from macro 'V8_DEPRECATED'
  declarator __attribute__((deprecated(message)))
                            ^
In file included from ../ext/bson.cc:36:
In file included from ../ext/bson.h:17:
../../nan/nan.h:248:31: warning: 'Uint32Value' is deprecated: Use maybe version [-Wdeprecated-declarations]
      ? optionsObj->Get(opt)->Uint32Value()
                              ^
/Users/junzhejiang/.node-gyp/11.12.0/include/node/v8.h:2571:3: note: 'Uint32Value' has been explicitly marked deprecated here
  V8_DEPRECATED("Use maybe version", uint32_t Uint32Value() const);
  ^
/Users/junzhejiang/.node-gyp/11.12.0/include/node/v8config.h:326:29: note: expanded from macro 'V8_DEPRECATED'
  declarator __attribute__((deprecated(message)))
                            ^
In file included from ../ext/bson.cc:36:
In file included from ../ext/bson.h:17:
../../nan/nan.h:261:25: error: redefinition of '_NanEnsureLocal'
NAN_INLINE v8::Local<T> _NanEnsureLocal(v8::Local<T> val) {
                        ^
../../nan/nan.h:256:25: note: previous definition is here
NAN_INLINE v8::Local<T> _NanEnsureLocal(v8::Handle<T> val) {
                        ^
../../nan/nan.h:289:39: error: no member named 'IdleNotification' in 'v8::Isolate'
    return v8::Isolate::GetCurrent()->IdleNotification(idle_time_in_ms);
           ~~~~~~~~~~~~~~~~~~~~~~~~~  ^
../../nan/nan.h:473:20: error: no type named 'GCEpilogueCallback' in 'v8::Isolate'
      v8::Isolate::GCEpilogueCallback callback
      ~~~~~~~~~~~~~^
../../nan/nan.h:479:20: error: no type named 'GCEpilogueCallback' in 'v8::Isolate'
      v8::Isolate::GCEpilogueCallback callback) {
      ~~~~~~~~~~~~~^
../../nan/nan.h:484:20: error: no type named 'GCPrologueCallback' in 'v8::Isolate'
      v8::Isolate::GCPrologueCallback callback
      ~~~~~~~~~~~~~^
../../nan/nan.h:490:20: error: no type named 'GCPrologueCallback' in 'v8::Isolate'
      v8::Isolate::GCPrologueCallback callback) {
      ~~~~~~~~~~~~~^
../../nan/nan.h:569:15: error: no template named 'WeakCallbackData' in namespace 'v8'
    const v8::WeakCallbackData<T, _NanWeakCallbackInfo<T, P> > &data) {
          ~~~~^
fatal error: too many errors emitted, stopping now [-ferror-limit=]
6 warnings and 20 errors generated.
make: *** [Release/obj.target/bson/ext/bson.o] Error 1
gyp ERR! build error 
gyp ERR! stack Error: `make` failed with exit code: 2
gyp ERR! stack     at ChildProcess.onExit (/usr/local/lib/node_modules/npm/node_modules/node-gyp/lib/build.js:262:23)
gyp ERR! stack     at ChildProcess.emit (events.js:197:13)
gyp ERR! stack     at Process.ChildProcess._handle.onexit (internal/child_process.js:254:12)
gyp ERR! System Darwin 18.0.0
gyp ERR! command "/usr/local/bin/node" "/usr/local/lib/node_modules/npm/node_modules/node-gyp/bin/node-gyp.js" "rebuild"
gyp ERR! cwd /Users/junzhejiang/Desktop/starter-node-angular-master 2/node_modules/bson
gyp ERR! node -v v11.12.0
gyp ERR! node-gyp -v v3.8.0
gyp ERR! not ok 
